<?xml version="1.0" encoding="UTF-8"?>
<!-- Generated by org.testng.reporters.JUnitXMLReporter -->
<testsuite hostname="多宝" ignored="0" name="接口自动化" tests="2" failures="2" timestamp="25 六月 2023 06:06:51 GMT" time="1.054" errors="0">
  <testcase name="httpReq" time="0.498" classname="com.youceedu.interf.test.TestRun">
    <failure type="java.lang.NullPointerException">
      <![CDATA[java.lang.NullPointerException
at com.youceedu.tools.http.HttpReqUtil.sendPost(HttpReqUtil.java:118)
at com.youceedu.interf.test.TestRun.httpReq(TestRun.java:47)
at com.intellij.rt.testng.IDEARemoteTestNG.run(IDEARemoteTestNG.java:66)
at com.intellij.rt.testng.RemoteTestNGStarter.main(RemoteTestNGStarter.java:109)
... Removed 22 stack frames]]>
    </failure>
  </testcase> <!-- httpReq -->
  <testcase name="httpReq" time="0.001" classname="com.youceedu.interf.test.TestRun">
    <failure type="java.lang.NullPointerException">
      <![CDATA[java.lang.NullPointerException
at com.youceedu.tools.http.HttpReqUtil.sendPost(HttpReqUtil.java:118)
at com.youceedu.interf.test.TestRun.httpReq(TestRun.java:47)
at com.intellij.rt.testng.IDEARemoteTestNG.run(IDEARemoteTestNG.java:66)
at com.intellij.rt.testng.RemoteTestNGStarter.main(RemoteTestNGStarter.java:109)
... Removed 22 stack frames]]>
    </failure>
  </testcase> <!-- httpReq -->
</testsuite> <!-- 接口自动化 -->
